app/build/intermediates/manifest_merge_blame_file/debug/manifest-merger-blame-debug-report.txt
1<?xml version="1.0" encoding="utf-8"?>
2<manifest xmlns:android="http://schemas.android.com/apk/res/android"
3    package="polar.com.androidblesdk"
4    android:versionCode="1"
5    android:versionName="1.0" >
6
7    <uses-sdk
8        android:minSdkVersion="21"
8-->src\main\AndroidManifest.xml
9        android:targetSdkVersion="27" />
9-->src\main\AndroidManifest.xml
10
11    <uses-permission android:name="android.permission.BLUETOOTH" />
11-->src\main\AndroidManifest.xml:5:5-68
11-->src\main\AndroidManifest.xml:5:22-65
12    <uses-permission android:name="android.permission.BLUETOOTH_ADMIN" />
12-->src\main\AndroidManifest.xml:6:5-74
12-->src\main\AndroidManifest.xml:6:22-71
13    <uses-permission android:name="android.permission.ACCESS_COARSE_LOCATION" />
13-->src\main\AndroidManifest.xml:7:5-81
13-->src\main\AndroidManifest.xml:7:22-78
14    <uses-permission android:name="android.permission.INTERNET" />
14-->[polar-ble-sdk.aar] AndroidManifest.xml:12:5-67
14-->[polar-ble-sdk.aar] AndroidManifest.xml:12:22-64
15    <uses-permission android:name="android.permission.ACCESS_FINE_LOCATION" />
15-->[polar-ble-sdk.aar] AndroidManifest.xml:15:5-79
15-->[polar-ble-sdk.aar] AndroidManifest.xml:15:22-76
16
17    <application
17-->src\main\AndroidManifest.xml:9:5-71:19
18        android:allowBackup="true"
18-->src\main\AndroidManifest.xml:10:9-35
19        android:debuggable="true"
20        android:icon="@mipmap/ic_launcher"
20-->src\main\AndroidManifest.xml:11:9-43
21        android:label="@string/app_name"
21-->src\main\AndroidManifest.xml:12:9-41
22        android:roundIcon="@mipmap/ic_launcher_round"
22-->src\main\AndroidManifest.xml:13:9-54
23        android:supportsRtl="true"
23-->src\main\AndroidManifest.xml:14:9-35
24        android:testOnly="true"
25        android:theme="@style/AppTheme" >
25-->src\main\AndroidManifest.xml:15:9-40
26        <activity
26-->src\main\AndroidManifest.xml:16:9-24:20
27            android:name="polar.com.androidblesdk.MainActivity"
27-->src\main\AndroidManifest.xml:16:19-47
28            android:configChanges="orientation"
28-->src\main\AndroidManifest.xml:17:13-48
29            android:screenOrientation="portrait" >
29-->src\main\AndroidManifest.xml:18:13-49
30            <intent-filter>
30-->src\main\AndroidManifest.xml:19:13-23:29
31                <action android:name="android.intent.action.MAIN" />
31-->src\main\AndroidManifest.xml:20:17-69
31-->src\main\AndroidManifest.xml:20:25-66
32
33                <category android:name="android.intent.category.LAUNCHER" />
33-->src\main\AndroidManifest.xml:22:17-77
33-->src\main\AndroidManifest.xml:22:27-74
34            </intent-filter>
35        </activity>
36        <activity
36-->src\main\AndroidManifest.xml:25:9-33:20
37            android:name="polar.com.androidblesdk.HrActivity"
37-->src\main\AndroidManifest.xml:25:19-45
38            android:configChanges="orientation"
38-->src\main\AndroidManifest.xml:26:13-48
39            android:screenOrientation="portrait" >
39-->src\main\AndroidManifest.xml:27:13-49
40            <intent-filter>
40-->src\main\AndroidManifest.xml:19:13-23:29
41                <action android:name="android.intent.action.MAIN" />
41-->src\main\AndroidManifest.xml:20:17-69
41-->src\main\AndroidManifest.xml:20:25-66
42
43                <category android:name="android.intent.category.LAUNCHER" />
43-->src\main\AndroidManifest.xml:22:17-77
43-->src\main\AndroidManifest.xml:22:27-74
44            </intent-filter>
45        </activity>
46        <activity
46-->src\main\AndroidManifest.xml:34:9-42:20
47            android:name="polar.com.androidblesdk.PpgActivity"
47-->src\main\AndroidManifest.xml:34:19-46
48            android:configChanges="orientation"
48-->src\main\AndroidManifest.xml:35:13-48
49            android:screenOrientation="portrait" >
49-->src\main\AndroidManifest.xml:36:13-49
50            <intent-filter>
50-->src\main\AndroidManifest.xml:19:13-23:29
51                <action android:name="android.intent.action.MAIN" />
51-->src\main\AndroidManifest.xml:20:17-69
51-->src\main\AndroidManifest.xml:20:25-66
52
53                <category android:name="android.intent.category.LAUNCHER" />
53-->src\main\AndroidManifest.xml:22:17-77
53-->src\main\AndroidManifest.xml:22:27-74
54            </intent-filter>
55        </activity>
56        <activity
56-->src\main\AndroidManifest.xml:43:9-51:20
57            android:name="polar.com.androidblesdk.PpiActivity"
57-->src\main\AndroidManifest.xml:43:19-46
58            android:configChanges="orientation"
58-->src\main\AndroidManifest.xml:44:13-48
59            android:screenOrientation="portrait" >
59-->src\main\AndroidManifest.xml:45:13-49
60            <intent-filter>
60-->src\main\AndroidManifest.xml:19:13-23:29
61                <action android:name="android.intent.action.MAIN" />
61-->src\main\AndroidManifest.xml:20:17-69
61-->src\main\AndroidManifest.xml:20:25-66
62
63                <category android:name="android.intent.category.LAUNCHER" />
63-->src\main\AndroidManifest.xml:22:17-77
63-->src\main\AndroidManifest.xml:22:27-74
64            </intent-filter>
65        </activity>
66        <activity
66-->src\main\AndroidManifest.xml:52:9-60:20
67            android:name="polar.com.androidblesdk.AccActivity"
67-->src\main\AndroidManifest.xml:52:19-46
68            android:configChanges="orientation"
68-->src\main\AndroidManifest.xml:53:13-48
69            android:screenOrientation="portrait" >
69-->src\main\AndroidManifest.xml:54:13-49
70            <intent-filter>
70-->src\main\AndroidManifest.xml:19:13-23:29
71                <action android:name="android.intent.action.MAIN" />
71-->src\main\AndroidManifest.xml:20:17-69
71-->src\main\AndroidManifest.xml:20:25-66
72
73                <category android:name="android.intent.category.LAUNCHER" />
73-->src\main\AndroidManifest.xml:22:17-77
73-->src\main\AndroidManifest.xml:22:27-74
74            </intent-filter>
75        </activity>
76
77        <provider
77-->src\main\AndroidManifest.xml:62:9-70:20
78            android:name="android.support.v4.content.FileProvider"
78-->src\main\AndroidManifest.xml:63:13-67
79            android:authorities="polar.com.androidblesdk.fileprovider"
79-->src\main\AndroidManifest.xml:64:13-71
80            android:exported="false"
80-->src\main\AndroidManifest.xml:66:13-37
81            android:grantUriPermissions="true" >
81-->src\main\AndroidManifest.xml:65:13-47
82            <meta-data
82-->src\main\AndroidManifest.xml:67:13-69:57
83                android:name="android.support.FILE_PROVIDER_PATHS"
83-->src\main\AndroidManifest.xml:68:17-67
84                android:resource="@xml/provider_paths" />
84-->src\main\AndroidManifest.xml:69:17-55
85        </provider>
86    </application>
87
88</manifest>